app/build.old/intermediates/manifest_merge_blame_file/debug/processDebugMainManifest/manifest-merger-blame-debug-report.txt
1<?xml version="1.0" encoding="utf-8"?>
2<manifest xmlns:android="http://schemas.android.com/apk/res/android"
3    package="com.example.flowcalibration2"
4    android:versionCode="1"
5    android:versionName="1.0" >
6
7    <uses-sdk
8        android:minSdkVersion="28"
9        android:targetSdkVersion="34" />
10
11    <uses-permission android:name="android.permission.ACCESS_NETWORK_STATE" />
11-->src\main\AndroidManifest.xml:4:5-79
11-->src\main\AndroidManifest.xml:4:22-76
12    <uses-permission android:name="android.permission.INTERNET" />
12-->src\main\AndroidManifest.xml:5:5-67
12-->src\main\AndroidManifest.xml:5:22-64
13    <uses-permission android:name="android.permission.ACCESS_WIFI_STATE" />
13-->src\main\AndroidManifest.xml:6:5-76
13-->src\main\AndroidManifest.xml:6:22-73
14    <uses-permission android:name="android.permission.ACCESS_COARSE_LOCATION" />
14-->src\main\AndroidManifest.xml:7:5-81
14-->src\main\AndroidManifest.xml:7:22-78
15    <uses-permission android:name="android.permission.ACCESS_FINE_LOCATION" />
15-->src\main\AndroidManifest.xml:8:5-79
15-->src\main\AndroidManifest.xml:8:22-76
16    <uses-permission android:name="android.permission.MANAGE_EXTERNAL_STORAGE" />
16-->src\main\AndroidManifest.xml:9:5-82
16-->src\main\AndroidManifest.xml:9:22-79
17
18    <permission
18-->[androidx.core:core:1.9.0] AndroidManifest.xml:22:5-24:47
19        android:name="com.example.flowcalibration2.DYNAMIC_RECEIVER_NOT_EXPORTED_PERMISSION"
19-->[androidx.core:core:1.9.0] AndroidManifest.xml:23:9-81
20        android:protectionLevel="signature" />
20-->[androidx.core:core:1.9.0] AndroidManifest.xml:24:9-44
21
22    <uses-permission android:name="com.example.flowcalibration2.DYNAMIC_RECEIVER_NOT_EXPORTED_PERMISSION" />
22-->[androidx.core:core:1.9.0] AndroidManifest.xml:26:5-97
22-->[androidx.core:core:1.9.0] AndroidManifest.xml:26:22-94
23
24    <application
24-->src\main\AndroidManifest.xml:11:5-102:19
25        android:allowBackup="true"
25-->src\main\AndroidManifest.xml:12:9-35
26        android:appComponentFactory="androidx.core.app.CoreComponentFactory"
26-->[androidx.core:core:1.9.0] AndroidManifest.xml:28:18-86
27        android:debuggable="true"
28        android:extractNativeLibs="false"
29        android:icon="@mipmap/ic_logo"
29-->src\main\AndroidManifest.xml:13:9-39
30        android:label="@string/app_name"
30-->src\main\AndroidManifest.xml:14:9-41
31        android:largeHeap="true"
31-->src\main\AndroidManifest.xml:15:9-33
32        android:requestLegacyExternalStorage="true"
32-->src\main\AndroidManifest.xml:16:9-52
33        android:roundIcon="@mipmap/ic_logo_round"
33-->src\main\AndroidManifest.xml:17:9-50
34        android:supportsRtl="true"
34-->src\main\AndroidManifest.xml:18:9-35
35        android:testOnly="true"
36        android:theme="@style/Theme.AppCompat.Light.NoActionBar"
36-->src\main\AndroidManifest.xml:19:9-65
37        android:usesCleartextTraffic="true" >
37-->src\main\AndroidManifest.xml:20:9-44
38        <activity
38-->src\main\AndroidManifest.xml:21:9-23:40
39            android:name="com.example.inovaceifa.Centralizador.CentralizadorResultados"
39-->src\main\AndroidManifest.xml:22:13-66
40            android:exported="false" />
40-->src\main\AndroidManifest.xml:23:13-37
41        <activity
41-->src\main\AndroidManifest.xml:24:9-26:40
42            android:name="com.example.inovaceifa.Centralizador.CentralizadorEdicaoDados"
42-->src\main\AndroidManifest.xml:25:13-67
43            android:exported="false" />
43-->src\main\AndroidManifest.xml:26:13-37
44        <activity
44-->src\main\AndroidManifest.xml:27:9-29:40
45            android:name="com.example.inovaceifa.Centralizador.CentralizadorTelaOperador"
45-->src\main\AndroidManifest.xml:28:13-68
46            android:exported="false" />
46-->src\main\AndroidManifest.xml:29:13-37
47        <activity
47-->src\main\AndroidManifest.xml:30:9-32:40
48            android:name="com.example.inovaceifa.Centralizador.AdapterOperadorBox"
48-->src\main\AndroidManifest.xml:31:13-61
49            android:exported="false" />
49-->src\main\AndroidManifest.xml:32:13-37
50        <activity
50-->src\main\AndroidManifest.xml:33:9-35:40
51            android:name="com.example.inovaceifa.Centralizador.CentralizadorCadastro"
51-->src\main\AndroidManifest.xml:34:13-64
52            android:exported="false" />
52-->src\main\AndroidManifest.xml:35:13-37
53        <activity
53-->src\main\AndroidManifest.xml:36:9-38:40
54            android:name="com.example.inovaceifa.Centralizador.CentralizadorAjustesPrincipal"
54-->src\main\AndroidManifest.xml:37:13-72
55            android:exported="false" />
55-->src\main\AndroidManifest.xml:38:13-37
56        <activity
56-->src\main\AndroidManifest.xml:39:9-41:40
57            android:name="com.example.inovaceifa.Centralizador.CentralizadorRelatorio"
57-->src\main\AndroidManifest.xml:40:13-65
58            android:exported="false" />
58-->src\main\AndroidManifest.xml:41:13-37
59        <activity
59-->src\main\AndroidManifest.xml:42:9-48:20
60            android:name="com.example.inovaceifa.Centralizador.CentralizadorPrincipal"
60-->src\main\AndroidManifest.xml:43:13-65
61            android:exported="false" >
61-->src\main\AndroidManifest.xml:44:13-37
62            <meta-data
62-->src\main\AndroidManifest.xml:45:13-47:36
63                android:name="android.app.lib_name"
63-->src\main\AndroidManifest.xml:46:17-52
64                android:value="" />
64-->src\main\AndroidManifest.xml:47:17-33
65        </activity>
66        <activity
66-->src\main\AndroidManifest.xml:49:9-56:20
67            android:name="com.example.inovaceifa.Centralizador.CentralizadorSistema2"
67-->src\main\AndroidManifest.xml:50:13-64
68            android:exported="false"
68-->src\main\AndroidManifest.xml:51:13-37
69            android:screenOrientation="landscape" >
69-->src\main\AndroidManifest.xml:52:13-50
70            <meta-data
70-->src\main\AndroidManifest.xml:45:13-47:36
71                android:name="android.app.lib_name"
71-->src\main\AndroidManifest.xml:46:17-52
72                android:value="" />
72-->src\main\AndroidManifest.xml:47:17-33
73        </activity>
74        <activity
74-->src\main\AndroidManifest.xml:57:9-63:20
75            android:name="com.example.inovaceifa.Centralizador.CentralizadorContaPes"
75-->src\main\AndroidManifest.xml:58:13-64
76            android:exported="false" >
76-->src\main\AndroidManifest.xml:59:13-37
77            <meta-data
77-->src\main\AndroidManifest.xml:45:13-47:36
78                android:name="android.app.lib_name"
78-->src\main\AndroidManifest.xml:46:17-52
79                android:value="" />
79-->src\main\AndroidManifest.xml:47:17-33
80        </activity>
81        <activity
81-->src\main\AndroidManifest.xml:64:9-71:20
82            android:name="com.example.inovaceifa.Centralizador.CentralizadorAjustes"
82-->src\main\AndroidManifest.xml:65:13-63
83            android:exported="false"
83-->src\main\AndroidManifest.xml:66:13-37
84            android:screenOrientation="portrait" >
84-->src\main\AndroidManifest.xml:67:13-49
85            <meta-data
85-->src\main\AndroidManifest.xml:45:13-47:36
86                android:name="android.app.lib_name"
86-->src\main\AndroidManifest.xml:46:17-52
87                android:value="" />
87-->src\main\AndroidManifest.xml:47:17-33
88        </activity>
89        <activity
89-->src\main\AndroidManifest.xml:72:9-79:20
90            android:name="com.example.inovaceifa.SelecaoProduto"
90-->src\main\AndroidManifest.xml:73:13-43
91            android:exported="false"
91-->src\main\AndroidManifest.xml:74:13-37
92            android:screenOrientation="portrait" >
92-->src\main\AndroidManifest.xml:75:13-49
93            <meta-data
93-->src\main\AndroidManifest.xml:45:13-47:36
94                android:name="android.app.lib_name"
94-->src\main\AndroidManifest.xml:46:17-52
95                android:value="" />
95-->src\main\AndroidManifest.xml:47:17-33
96        </activity>
97        <activity
97-->src\main\AndroidManifest.xml:80:9-83:53
98            android:name="com.example.inovaceifa.Centralizador.CentralizadorSistema"
98-->src\main\AndroidManifest.xml:81:13-63
99            android:exported="false"
99-->src\main\AndroidManifest.xml:82:13-37
100            android:screenOrientation="landscape" />
100-->src\main\AndroidManifest.xml:83:13-50
101        <activity
101-->src\main\AndroidManifest.xml:84:9-87:53
102            android:name="com.example.inovaceifa.Centralizador.CentralizadorGrafico"
102-->src\main\AndroidManifest.xml:85:13-63
103            android:exported="false"
103-->src\main\AndroidManifest.xml:86:13-37
104            android:screenOrientation="landscape" />
104-->src\main\AndroidManifest.xml:87:13-50
105        <activity
105-->src\main\AndroidManifest.xml:88:9-97:20
106            android:name="com.example.inovaceifa.Inicial"
106-->src\main\AndroidManifest.xml:89:13-36
107            android:exported="true"
107-->src\main\AndroidManifest.xml:90:13-36
108            android:screenOrientation="portrait" >
108-->src\main\AndroidManifest.xml:91:13-49
109            <intent-filter>
109-->src\main\AndroidManifest.xml:92:13-96:29
110                <action android:name="android.intent.action.MAIN" />
110-->src\main\AndroidManifest.xml:93:17-69
110-->src\main\AndroidManifest.xml:93:25-66
111
112                <category android:name="android.intent.category.LAUNCHER" />
112-->src\main\AndroidManifest.xml:95:17-77
112-->src\main\AndroidManifest.xml:95:27-74
113            </intent-filter>
114        </activity>
115
116        <meta-data
116-->src\main\AndroidManifest.xml:99:9-101:57
117            android:name="preloaded_fonts"
117-->src\main\AndroidManifest.xml:100:13-43
118            android:resource="@array/preloaded_fonts" />
118-->src\main\AndroidManifest.xml:101:13-54
119
120        <provider
120-->[androidx.emoji2:emoji2:1.2.0] AndroidManifest.xml:24:9-32:20
121            android:name="androidx.startup.InitializationProvider"
121-->[androidx.emoji2:emoji2:1.2.0] AndroidManifest.xml:25:13-67
122            android:authorities="com.example.flowcalibration2.androidx-startup"
122-->[androidx.emoji2:emoji2:1.2.0] AndroidManifest.xml:26:13-68
123            android:exported="false" >
123-->[androidx.emoji2:emoji2:1.2.0] AndroidManifest.xml:27:13-37
124            <meta-data
124-->[androidx.emoji2:emoji2:1.2.0] AndroidManifest.xml:29:13-31:52
125                android:name="androidx.emoji2.text.EmojiCompatInitializer"
125-->[androidx.emoji2:emoji2:1.2.0] AndroidManifest.xml:30:17-75
126                android:value="androidx.startup" />
126-->[androidx.emoji2:emoji2:1.2.0] AndroidManifest.xml:31:17-49
127            <meta-data
127-->[androidx.lifecycle:lifecycle-process:2.7.0] AndroidManifest.xml:29:13-31:52
128                android:name="androidx.lifecycle.ProcessLifecycleInitializer"
128-->[androidx.lifecycle:lifecycle-process:2.7.0] AndroidManifest.xml:30:17-78
129                android:value="androidx.startup" />
129-->[androidx.lifecycle:lifecycle-process:2.7.0] AndroidManifest.xml:31:17-49
130            <meta-data
130-->[androidx.profileinstaller:profileinstaller:1.3.0] AndroidManifest.xml:29:13-31:52
131                android:name="androidx.profileinstaller.ProfileInstallerInitializer"
131-->[androidx.profileinstaller:profileinstaller:1.3.0] AndroidManifest.xml:30:17-85
132                android:value="androidx.startup" />
132-->[androidx.profileinstaller:profileinstaller:1.3.0] AndroidManifest.xml:31:17-49
133        </provider>
134
135        <uses-library
135-->[androidx.window:window:1.0.0] AndroidManifest.xml:25:9-27:40
136            android:name="androidx.window.extensions"
136-->[androidx.window:window:1.0.0] AndroidManifest.xml:26:13-54
137            android:required="false" />
137-->[androidx.window:window:1.0.0] AndroidManifest.xml:27:13-37
138        <uses-library
138-->[androidx.window:window:1.0.0] AndroidManifest.xml:28:9-30:40
139            android:name="androidx.window.sidecar"
139-->[androidx.window:window:1.0.0] AndroidManifest.xml:29:13-51
140            android:required="false" />
140-->[androidx.window:window:1.0.0] AndroidManifest.xml:30:13-37
141
142        <receiver
142-->[androidx.profileinstaller:profileinstaller:1.3.0] AndroidManifest.xml:34:9-52:20
143            android:name="androidx.profileinstaller.ProfileInstallReceiver"
143-->[androidx.profileinstaller:profileinstaller:1.3.0] AndroidManifest.xml:35:13-76
144            android:directBootAware="false"
144-->[androidx.profileinstaller:profileinstaller:1.3.0] AndroidManifest.xml:36:13-44
145            android:enabled="true"
145-->[androidx.profileinstaller:profileinstaller:1.3.0] AndroidManifest.xml:37:13-35
146            android:exported="true"
146-->[androidx.profileinstaller:profileinstaller:1.3.0] AndroidManifest.xml:38:13-36
147            android:permission="android.permission.DUMP" >
147-->[androidx.profileinstaller:profileinstaller:1.3.0] AndroidManifest.xml:39:13-57
148            <intent-filter>
148-->[androidx.profileinstaller:profileinstaller:1.3.0] AndroidManifest.xml:40:13-42:29
149                <action android:name="androidx.profileinstaller.action.INSTALL_PROFILE" />
149-->[androidx.profileinstaller:profileinstaller:1.3.0] AndroidManifest.xml:41:17-91
149-->[androidx.profileinstaller:profileinstaller:1.3.0] AndroidManifest.xml:41:25-88
150            </intent-filter>
151            <intent-filter>
151-->[androidx.profileinstaller:profileinstaller:1.3.0] AndroidManifest.xml:43:13-45:29
152                <action android:name="androidx.profileinstaller.action.SKIP_FILE" />
152-->[androidx.profileinstaller:profileinstaller:1.3.0] AndroidManifest.xml:44:17-85
152-->[androidx.profileinstaller:profileinstaller:1.3.0] AndroidManifest.xml:44:25-82
153            </intent-filter>
154            <intent-filter>
154-->[androidx.profileinstaller:profileinstaller:1.3.0] AndroidManifest.xml:46:13-48:29
155                <action android:name="androidx.profileinstaller.action.SAVE_PROFILE" />
155-->[androidx.profileinstaller:profileinstaller:1.3.0] AndroidManifest.xml:47:17-88
155-->[androidx.profileinstaller:profileinstaller:1.3.0] AndroidManifest.xml:47:25-85
156            </intent-filter>
157            <intent-filter>
157-->[androidx.profileinstaller:profileinstaller:1.3.0] AndroidManifest.xml:49:13-51:29
158                <action android:name="androidx.profileinstaller.action.BENCHMARK_OPERATION" />
158-->[androidx.profileinstaller:profileinstaller:1.3.0] AndroidManifest.xml:50:17-95
158-->[androidx.profileinstaller:profileinstaller:1.3.0] AndroidManifest.xml:50:25-92
159            </intent-filter>
160        </receiver>
161    </application>
162
163</manifest>